Log file open, 12/26/18 21:01:33
LogWindows: Failed to load 'aqProf.dll' (GetLastError=126)
LogWindows: File 'aqProf.dll' does not exist
LogWindows: Failed to load 'VtuneApi.dll' (GetLastError=126)
LogWindows: File 'VtuneApi.dll' does not exist
LogWindows: Failed to load 'VtuneApi32e.dll' (GetLastError=126)
LogWindows: File 'VtuneApi32e.dll' does not exist
LogConsoleResponse: Display: Failed to find resolution value strings in scalability ini. Falling back to default.
LogInit: Display: Running engine for game: CityCrawlers
LogPakFile: Registered encryption key '00000000000000000000000000000000': 0 pak files mounted, 0 remain pending
LogPlatformFile: Not using cached read wrapper
LogTaskGraph: Started task graph with 5 named threads and 11 total threads with 3 sets of task threads.
LogStats: Stats thread started at 0.232837
LogD3D11RHI: Loaded GFSDK_Aftermath_Lib.x64.dll
LogICUInternationalization: ICU TimeZone Detection - Raw Offset: -5:00, Platform Override: ''
LogPluginManager: Mounting plugin Paper2D
LogPluginManager: Mounting plugin AISupport
LogPluginManager: Mounting plugin LightPropagationVolume
LogPluginManager: Mounting plugin ActorLayerUtilities
LogPluginManager: Mounting plugin CLionSourceCodeAccess
LogPluginManager: Mounting plugin CodeLiteSourceCodeAccess
LogPluginManager: Mounting plugin GitSourceControl
LogPluginManager: Mounting plugin KDevelopSourceCodeAccess
LogPluginManager: Mounting plugin NullSourceCodeAccess
LogPluginManager: Mounting plugin PerforceSourceControl
LogPluginManager: Mounting plugin SubversionSourceControl
LogPluginManager: Mounting plugin UObjectPlugin
LogPluginManager: Mounting plugin VisualStudioCodeSourceCodeAccess
LogPluginManager: Mounting plugin VisualStudioSourceCodeAccess
LogPluginManager: Mounting plugin XCodeSourceCodeAccess
LogPluginManager: Mounting plugin AssetManagerEditor
LogPluginManager: Mounting plugin CryptoKeys
LogPluginManager: Mounting plugin DataValidation
LogPluginManager: Mounting plugin FacialAnimation
LogPluginManager: Mounting plugin GameplayTagsEditor
LogPluginManager: Mounting plugin MacGraphicsSwitching
LogPluginManager: Mounting plugin MeshEditor
LogPluginManager: Mounting plugin MobileLauncherProfileWizard
LogPluginManager: Mounting plugin PluginBrowser
LogPluginManager: Mounting plugin SpeedTreeImporter
LogPluginManager: Mounting plugin DatasmithContent
LogPluginManager: Mounting plugin VariantManagerContent
LogPluginManager: Mounting plugin AlembicImporter
LogPluginManager: Mounting plugin AppleImageUtils
LogPluginManager: Mounting plugin AppleVision
LogPluginManager: Mounting plugin BackChannel
LogPluginManager: Mounting plugin CharacterAI
LogPluginManager: Mounting plugin GeometryCache
LogPluginManager: Mounting plugin HTML5Networking
LogPluginManager: Mounting plugin ProxyLODPlugin
LogPluginManager: Mounting plugin MagicLeap
LogPluginManager: Mounting plugin MagicLeapMedia
LogPluginManager: Mounting plugin AutoSizeComments
LogPluginManager: Mounting plugin UE4EditorCustomize
LogPluginManager: Mounting plugin AndroidMedia
LogPluginManager: Mounting plugin AvfMedia
LogPluginManager: Mounting plugin ImgMedia
LogPluginManager: Mounting plugin LinearTimecode
LogPluginManager: Mounting plugin MediaCompositing
LogPluginManager: Mounting plugin MediaPlayerEditor
LogPluginManager: Mounting plugin WebMMedia
LogPluginManager: Mounting plugin WmfMedia
LogPluginManager: Mounting plugin TcpMessaging
LogPluginManager: Mounting plugin UdpMessaging
LogPluginManager: Mounting plugin ActorSequence
LogPluginManager: Mounting plugin LevelSequenceEditor
LogPluginManager: Mounting plugin MatineeToLevelSequence
LogPluginManager: Mounting plugin NetcodeUnitTest
LogPluginManager: Mounting plugin NUTUnrealEngine4
LogPluginManager: Mounting plugin OnlineSubsystemGooglePlay
LogPluginManager: Mounting plugin OnlineSubsystemIOS
LogPluginManager: Mounting plugin OnlineSubsystem
LogPluginManager: Mounting plugin OnlineSubsystemNull
LogPluginManager: Mounting plugin OnlineSubsystemUtils
LogPluginManager: Mounting plugin LauncherChunkInstaller
LogPluginManager: Mounting plugin AndroidDeviceProfileSelector
LogPluginManager: Mounting plugin AndroidMoviePlayer
LogPluginManager: Mounting plugin AndroidPermission
LogPluginManager: Mounting plugin AppleMoviePlayer
LogPluginManager: Mounting plugin ArchVisCharacter
LogPluginManager: Mounting plugin AudioCapture
LogPluginManager: Mounting plugin CableComponent
LogPluginManager: Mounting plugin CustomMeshComponent
LogPluginManager: Mounting plugin EditableMesh
LogPluginManager: Mounting plugin ExampleDeviceProfileSelector
LogPluginManager: Mounting plugin Firebase
LogPluginManager: Mounting plugin GoogleCloudMessaging
LogPluginManager: Mounting plugin IOSDeviceProfileSelector
LogPluginManager: Mounting plugin LinuxDeviceProfileSelector
LogPluginManager: Mounting plugin LocationServicesBPLibrary
LogPluginManager: Mounting plugin MobilePatchingUtils
LogPluginManager: Mounting plugin OculusVR
LogPluginManager: Mounting plugin PhysXVehicles
LogPluginManager: Mounting plugin ProceduralMeshComponent
LogPluginManager: Mounting plugin RuntimePhysXCooking
LogPluginManager: Mounting plugin SteamVR
LogPluginManager: Mounting plugin WebMMoviePlayer
LogPluginManager: Mounting plugin WindowsMoviePlayer
LogStreaming: Display: Took  0.185s to configure plugins.
LogInit: Using libcurl 7.55.1-DEV
LogInit:  - built for x86_64-pc-win32
LogInit:  - supports SSL with OpenSSL/1.0.2h
LogInit:  - supports HTTP deflate (compression) using libz 1.2.8
LogInit:  - other features:
LogInit:      CURL_VERSION_SSL
LogInit:      CURL_VERSION_LIBZ
LogInit:      CURL_VERSION_IPV6
LogInit:      CURL_VERSION_ASYNCHDNS
LogInit:      CURL_VERSION_LARGEFILE
LogInit:      CURL_VERSION_IDN
LogInit:  CurlRequestOptions (configurable via config and command line):
LogInit:  - bVerifyPeer = true  - Libcurl will verify peer certificate
LogInit:  - bUseHttpProxy = false  - Libcurl will NOT use HTTP proxy
LogInit:  - bDontReuseConnections = false  - Libcurl will reuse connections
LogInit:  - MaxHostConnections = 16  - Libcurl will limit the number of connections to a host
LogInit:  - LocalHostAddr = Default
LogInit:  - BufferSize = 65536
LogInit: WinSock: version 1.1 (2.2), MaxSocks=32767, MaxUdp=65467
LogInit: Build: ++UE4+Release-4.21-CL-4613538
LogInit: Engine Version: 4.21.1-4613538+++UE4+Release-4.21
LogInit: Compatible Engine Version: 4.21.0-4541578+++UE4+Release-4.21
LogInit: Net CL: 4541578
LogInit: OS: Windows 10 (), CPU: Intel(R) Core(TM) i3-6100U CPU @ 2.30GHz, GPU: Intel(R) HD Graphics 520
LogInit: Compiled (64-bit): Nov 30 2018 04:13:25
LogInit: Compiled with Visual C++: 19.13.26129.00
LogInit: Build Configuration: Development
LogInit: Branch Name: ++UE4+Release-4.21
LogInit: Command Line: 
LogInit: Base Directory: C:/Program Files/Epic Games/UE_4.21/Engine/Binaries/Win64/
LogInit: Installed Engine Build: 1
LogDevObjectVersion: Number of dev versions registered: 22
LogDevObjectVersion:   Dev-Blueprints (B0D832E4-1F89-4F0D-ACCF-7EB736FD4AA2): 10
LogDevObjectVersion:   Dev-Build (E1C64328-A22C-4D53-A36C-8E866417BD8C): 0
LogDevObjectVersion:   Dev-Core (375EC13C-06E4-48FB-B500-84F0262A717E): 2
LogDevObjectVersion:   Dev-Editor (E4B068ED-F494-42E9-A231-DA0B2E46BB41): 26
LogDevObjectVersion:   Dev-Framework (CFFC743F-43B0-4480-9391-14DF171D2073): 34
LogDevObjectVersion:   Dev-Mobile (B02B49B5-BB20-44E9-A304-32B752E40360): 2
LogDevObjectVersion:   Dev-Networking (A4E4105C-59A1-49B5-A7C5-40C4547EDFEE): 0
LogDevObjectVersion:   Dev-Online (39C831C9-5AE6-47DC-9A44-9C173E1C8E7C): 0
LogDevObjectVersion:   Dev-Physics (78F01B33-EBEA-4F98-B9B4-84EACCB95AA2): 0
LogDevObjectVersion:   Dev-Platform (6631380F-2D4D-43E0-8009-CF276956A95A): 0
LogDevObjectVersion:   Dev-Rendering (12F88B9F-8875-4AFC-A67C-D90C383ABD29): 27
LogDevObjectVersion:   Dev-Sequencer (7B5AE74C-D270-4C10-A958-57980B212A5A): 9
LogDevObjectVersion:   Dev-VR (D7296918-1DD6-4BDD-9DE2-64A83CC13884): 2
LogDevObjectVersion:   Dev-LoadTimes (C2A15278-BFE7-4AFE-6C17-90FF531DF755): 1
LogDevObjectVersion:   Private-Geometry (6EACA3D4-40EC-4CC1-B786-8BED09428FC5): 3
LogDevObjectVersion:   Dev-AnimPhys (29E575DD-E0A3-4627-9D10-D276232CDCEA): 17
LogDevObjectVersion:   Dev-Anim (AF43A65D-7FD3-4947-9873-3E8ED9C1BB05): 2
LogDevObjectVersion:   Dev-ReflectionCapture (6B266CEC-1EC7-4B8F-A30B-E4D90942FC07): 1
LogDevObjectVersion:   Dev-Automation (0DF73D61-A23F-47EA-B727-89E90C41499A): 1
LogDevObjectVersion:   FortniteMain (601D1886-AC64-4F84-AA16-D3DE0DEAC7D6): 17
LogDevObjectVersion:   Dev-Enterprise (9DFFBCD6-494F-0158-E221-12823C92A888): 4
LogDevObjectVersion:   Dev-Niagara (F2AED0AC-9AFE-416F-8664-AA7FFA26D6FC): 1
LogStreaming: Display: Took  0.023s to delete old logs.
LogInit: Presizing for max 8388607 objects, including 0 objects not considered by GC, pre-allocating 0 bytes for permanent pool.
LogInit: Object subsystem initialized
LogConfig: Setting CVar [[con.DebugEarlyDefault:1]]
LogConfig: Setting CVar [[r.setres:1280x720]]
[2018.12.27-02.01.33:753][  0]LogConfig: Setting CVar [[r.VSync:0]]
[2018.12.27-02.01.33:753][  0]LogConfig: Setting CVar [[r.RHICmdBypass:0]]
[2018.12.27-02.01.33:754][  0]LogConfig: Applying CVar settings from Section [/Script/Engine.RendererSettings] File [C:/Users/seanf/Documents/Unreal Projects/city-crawlers-game/CityCrawlers/Saved/Config/Windows/Engine.ini]
[2018.12.27-02.01.33:754][  0]LogConfig: Setting CVar [[r.GPUCrashDebugging:0]]
[2018.12.27-02.01.33:754][  0]LogConfig: Setting CVar [[r.MobileHDR:1]]
[2018.12.27-02.01.33:754][  0]LogConfig: Setting CVar [[r.Mobile.DisableVertexFog:1]]
[2018.12.27-02.01.33:754][  0]LogConfig: Setting CVar [[r.Shadow.CSM.MaxMobileCascades:2]]
[2018.12.27-02.01.33:754][  0]LogConfig: Setting CVar [[r.MobileMSAA:1]]
[2018.12.27-02.01.33:754][  0]LogConfig: Setting CVar [[r.Mobile.UseLegacyShadingModel:0]]
[2018.12.27-02.01.33:754][  0]LogConfig: Setting CVar [[r.Mobile.AllowDitheredLODTransition:0]]
[2018.12.27-02.01.33:754][  0]LogConfig: Setting CVar [[r.Mobile.AllowSoftwareOcclusion:0]]
[2018.12.27-02.01.33:754][  0]LogConfig: Setting CVar [[r.DiscardUnusedQuality:0]]
[2018.12.27-02.01.33:754][  0]LogConfig: Setting CVar [[r.AllowOcclusionQueries:1]]
[2018.12.27-02.01.33:754][  0]LogConfig: Setting CVar [[r.MinScreenRadiusForLights:0.030000]]
[2018.12.27-02.01.33:754][  0]LogConfig: Setting CVar [[r.MinScreenRadiusForDepthPrepass:0.030000]]
[2018.12.27-02.01.33:754][  0]LogConfig: Setting CVar [[r.MinScreenRadiusForCSMDepth:0.010000]]
[2018.12.27-02.01.33:754][  0]LogConfig: Setting CVar [[r.PrecomputedVisibilityWarning:0]]
[2018.12.27-02.01.33:754][  0]LogConfig: Setting CVar [[r.TextureStreaming:1]]
[2018.12.27-02.01.33:754][  0]LogConfig: Setting CVar [[Compat.UseDXT5NormalMaps:0]]
[2018.12.27-02.01.33:754][  0]LogConfig: Setting CVar [[r.ClearCoatNormal:0]]
[2018.12.27-02.01.33:754][  0]LogConfig: Setting CVar [[r.ReflectionCaptureResolution:128]]
[2018.12.27-02.01.33:754][  0]LogConfig: Setting CVar [[r.ReflectionEnvironmentLightmapMixBasedOnRoughness:1]]
[2018.12.27-02.01.33:754][  0]LogConfig: Setting CVar [[r.ForwardShading:0]]
[2018.12.27-02.01.33:754][  0]LogConfig: Setting CVar [[r.VertexFoggingForOpaque:1]]
[2018.12.27-02.01.33:754][  0]LogConfig: Setting CVar [[r.AllowStaticLighting:1]]
[2018.12.27-02.01.33:754][  0]LogConfig: Setting CVar [[r.NormalMapsForStaticLighting:0]]
[2018.12.27-02.01.33:754][  0]LogConfig: Setting CVar [[r.GenerateMeshDistanceFields:0]]
[2018.12.27-02.01.33:754][  0]LogConfig: Setting CVar [[r.DistanceFieldBuild.EightBit:0]]
[2018.12.27-02.01.33:754][  0]LogConfig: Setting CVar [[r.GenerateLandscapeGIData:0]]
[2018.12.27-02.01.33:754][  0]LogConfig: Setting CVar [[r.DistanceFieldBuild.Compress:0]]
[2018.12.27-02.01.33:754][  0]LogConfig: Setting CVar [[r.TessellationAdaptivePixelsPerTriangle:48.000000]]
[2018.12.27-02.01.33:754][  0]LogConfig: Setting CVar [[r.SeparateTranslucency:1]]
[2018.12.27-02.01.33:754][  0]LogConfig: Setting CVar [[r.TranslucentSortPolicy:0]]
[2018.12.27-02.01.33:754][  0]LogConfig: Setting CVar [[r.CustomDepth:1]]
[2018.12.27-02.01.33:754][  0]LogConfig: Setting CVar [[r.CustomDepthTemporalAAJitter:1]]
[2018.12.27-02.01.33:754][  0]LogConfig: Setting CVar [[r.PostProcessing.PropagateAlpha:0]]
[2018.12.27-02.01.33:754][  0]LogConfig: Setting CVar [[r.DOF.Algorithm:1]]
[2018.12.27-02.01.33:754][  0]LogConfig: Setting CVar [[r.DefaultFeature.Bloom:1]]
[2018.12.27-02.01.33:754][  0]LogConfig: Setting CVar [[r.DefaultFeature.AmbientOcclusion:1]]
[2018.12.27-02.01.33:754][  0]LogConfig: Setting CVar [[r.DefaultFeature.AmbientOcclusionStaticFraction:1]]
[2018.12.27-02.01.33:754][  0]LogConfig: Setting CVar [[r.DefaultFeature.AutoExposure:0]]
[2018.12.27-02.01.33:754][  0]LogConfig: Setting CVar [[r.DefaultFeature.AutoExposure.Method:0]]
[2018.12.27-02.01.33:754][  0]LogConfig: Setting CVar [[r.DefaultFeature.AutoExposure.ExtendDefaultLuminanceRange:0]]
[2018.12.27-02.01.33:754][  0]LogConfig: Setting CVar [[r.UsePreExposure:0]]
[2018.12.27-02.01.33:754][  0]LogConfig: Setting CVar [[r.DefaultFeature.MotionBlur:0]]
[2018.12.27-02.01.33:754][  0]LogConfig: Setting CVar [[r.DefaultFeature.LensFlare:0]]
[2018.12.27-02.01.33:754][  0]LogConfig: Setting CVar [[r.TemporalAA.Upsampling:0]]
[2018.12.27-02.01.33:754][  0]LogConfig: Setting CVar [[r.DefaultFeature.AntiAliasing:0]]
[2018.12.27-02.01.33:754][  0]LogConfig: Setting CVar [[r.DefaultFeature.LightUnits:1]]
[2018.12.27-02.01.33:754][  0]LogConfig: Setting CVar [[r.DefaultBackBufferPixelFormat:4]]
[2018.12.27-02.01.33:754][  0]LogConfig: Setting CVar [[r.Shadow.UnbuiltPreviewInGame:1]]
[2018.12.27-02.01.33:754][  0]LogConfig: Setting CVar [[r.StencilForLODDither:0]]
[2018.12.27-02.01.33:755][  0]LogConfig: Setting CVar [[r.EarlyZPass:3]]
[2018.12.27-02.01.33:755][  0]LogConfig: Setting CVar [[r.EarlyZPassMovable:1]]
[2018.12.27-02.01.33:755][  0]LogConfig: Setting CVar [[r.EarlyZPassOnlyMaterialMasking:0]]
[2018.12.27-02.01.33:755][  0]LogConfig: Setting CVar [[r.DBuffer:1]]
[2018.12.27-02.01.33:755][  0]LogConfig: Setting CVar [[r.ClearSceneMethod:1]]
[2018.12.27-02.01.33:755][  0]LogConfig: Setting CVar [[r.BasePassOutputsVelocity:0]]
[2018.12.27-02.01.33:755][  0]LogConfig: Setting CVar [[r.SelectiveBasePassOutputs:0]]
[2018.12.27-02.01.33:755][  0]LogConfig: Setting CVar [[fx.GPUSimulationTextureSizeX:1024]]
[2018.12.27-02.01.33:755][  0]LogConfig: Setting CVar [[fx.GPUSimulationTextureSizeY:1024]]
[2018.12.27-02.01.33:755][  0]LogConfig: Setting CVar [[r.AllowGlobalClipPlane:0]]
[2018.12.27-02.01.33:755][  0]LogConfig: Setting CVar [[r.GBufferFormat:1]]
[2018.12.27-02.01.33:755][  0]LogConfig: Setting CVar [[r.MorphTarget.Mode:1]]
[2018.12.27-02.01.33:755][  0]LogConfig: Setting CVar [[vr.InstancedStereo:0]]
[2018.12.27-02.01.33:755][  0]LogConfig: Setting CVar [[vr.MultiView:0]]
[2018.12.27-02.01.33:755][  0]LogConfig: Setting CVar [[vr.MobileMultiView:0]]
[2018.12.27-02.01.33:755][  0]LogConfig: Setting CVar [[vr.MobileMultiView.Direct:0]]
[2018.12.27-02.01.33:755][  0]LogConfig: Setting CVar [[vr.MonoscopicFarField:0]]
[2018.12.27-02.01.33:755][  0]LogConfig: Setting CVar [[vr.RoundRobinOcclusion:0]]
[2018.12.27-02.01.33:755][  0]LogConfig: Setting CVar [[vr.ODSCapture:0]]
[2018.12.27-02.01.33:755][  0]LogConfig: Setting CVar [[r.WireframeCullThreshold:5.000000]]
[2018.12.27-02.01.33:755][  0]LogConfig: Setting CVar [[r.SupportStationarySkylight:1]]
[2018.12.27-02.01.33:755][  0]LogConfig: Setting CVar [[r.SupportLowQualityLightmaps:1]]
[2018.12.27-02.01.33:755][  0]LogConfig: Setting CVar [[r.SupportPointLightWholeSceneShadows:1]]
[2018.12.27-02.01.33:755][  0]LogConfig: Setting CVar [[r.SupportAtmosphericFog:1]]
[2018.12.27-02.01.33:755][  0]LogConfig: Setting CVar [[r.SkinCache.CompileShaders:0]]
[2018.12.27-02.01.33:755][  0]LogConfig: Setting CVar [[r.Mobile.EnableStaticAndCSMShadowReceivers:1]]
[2018.12.27-02.01.33:755][  0]LogConfig: Setting CVar [[r.Mobile.EnableMovableLightCSMShaderCulling:1]]
[2018.12.27-02.01.33:755][  0]LogConfig: Setting CVar [[r.Mobile.AllowDistanceFieldShadows:1]]
[2018.12.27-02.01.33:755][  0]LogConfig: Setting CVar [[r.Mobile.AllowMovableDirectionalLights:1]]
[2018.12.27-02.01.33:755][  0]LogConfig: Setting CVar [[r.MobileNumDynamicPointLights:4]]
[2018.12.27-02.01.33:755][  0]LogConfig: Setting CVar [[r.MobileDynamicPointLightsUseStaticBranch:1]]
[2018.12.27-02.01.33:755][  0]LogConfig: Setting CVar [[r.SkinCache.SceneMemoryLimitInMB:128.000000]]
[2018.12.27-02.01.33:755][  0]LogConfig: Setting CVar [[r.GPUSkin.Limit2BoneInfluences:0]]
[2018.12.27-02.01.33:755][  0]LogConfig: Setting CVar [[r.SupportDepthOnlyIndexBuffers:1]]
[2018.12.27-02.01.33:755][  0]LogConfig: Setting CVar [[r.SupportReversedIndexBuffers:1]]
[2018.12.27-02.01.33:755][  0]LogConfig: Setting CVar [[r.SupportMaterialLayers:0]]
[2018.12.27-02.01.33:755][  0]LogConfig: Applying CVar settings from Section [/Script/Engine.RendererOverrideSettings] File [C:/Users/seanf/Documents/Unreal Projects/city-crawlers-game/CityCrawlers/Saved/Config/Windows/Engine.ini]
[2018.12.27-02.01.33:755][  0]LogConfig: Applying CVar settings from Section [/Script/Engine.StreamingSettings] File [C:/Users/seanf/Documents/Unreal Projects/city-crawlers-game/CityCrawlers/Saved/Config/Windows/Engine.ini]
[2018.12.27-02.01.33:755][  0]LogConfig: Setting CVar [[s.MinBulkDataSizeForAsyncLoading:131072]]
[2018.12.27-02.01.33:755][  0]LogConfig: Setting CVar [[s.AsyncLoadingThreadEnabled:0]]
[2018.12.27-02.01.33:755][  0]LogConfig: Setting CVar [[s.EventDrivenLoaderEnabled:1]]
[2018.12.27-02.01.33:755][  0]LogConfig: Setting CVar [[s.WarnIfTimeLimitExceeded:0]]
[2018.12.27-02.01.33:755][  0]LogConfig: Setting CVar [[s.TimeLimitExceededMultiplier:1.5]]
[2018.12.27-02.01.33:755][  0]LogConfig: Setting CVar [[s.TimeLimitExceededMinTime:0.005]]
[2018.12.27-02.01.33:755][  0]LogConfig: Setting CVar [[s.UseBackgroundLevelStreaming:1]]
[2018.12.27-02.01.33:755][  0]LogConfig: Setting CVar [[s.PriorityAsyncLoadingExtraTime:15.0]]
[2018.12.27-02.01.33:755][  0]LogConfig: Setting CVar [[s.LevelStreamingActorsUpdateTimeLimit:5.0]]
[2018.12.27-02.01.33:755][  0]LogConfig: Setting CVar [[s.PriorityLevelStreamingActorsUpdateExtraTime:5.0]]
[2018.12.27-02.01.33:756][  0]LogConfig: Setting CVar [[s.LevelStreamingComponentsRegistrationGranularity:10]]
[2018.12.27-02.01.33:756][  0]LogConfig: Setting CVar [[s.UnregisterComponentsTimeLimit:1.0]]
[2018.12.27-02.01.33:756][  0]LogConfig: Setting CVar [[s.LevelStreamingComponentsUnregistrationGranularity:5]]
[2018.12.27-02.01.33:756][  0]LogConfig: Applying CVar settings from Section [/Script/Engine.GarbageCollectionSettings] File [C:/Users/seanf/Documents/Unreal Projects/city-crawlers-game/CityCrawlers/Saved/Config/Windows/Engine.ini]
[2018.12.27-02.01.33:756][  0]LogConfig: Setting CVar [[gc.MaxObjectsNotConsideredByGC:1]]
[2018.12.27-02.01.33:756][  0]LogConfig: Setting CVar [[gc.SizeOfPermanentObjectPool:0]]
[2018.12.27-02.01.33:756][  0]LogConfig: Setting CVar [[gc.FlushStreamingOnGC:0]]
[2018.12.27-02.01.33:756][  0]LogConfig: Setting CVar [[gc.NumRetriesBeforeForcingGC:10]]
[2018.12.27-02.01.33:756][  0]LogConfig: Setting CVar [[gc.AllowParallelGC:1]]
[2018.12.27-02.01.33:756][  0]LogConfig: Setting CVar [[gc.TimeBetweenPurgingPendingKillObjects:61.1]]
[2018.12.27-02.01.33:756][  0]LogConfig: Setting CVar [[gc.MaxObjectsInEditor:8388607]]
[2018.12.27-02.01.33:756][  0]LogConfig: Setting CVar [[gc.IncrementalBeginDestroyEnabled:1]]
[2018.12.27-02.01.33:756][  0]LogConfig: Setting CVar [[gc.CreateGCClusters:1]]
[2018.12.27-02.01.33:756][  0]LogConfig: Setting CVar [[gc.MergeGCClusters:0]]
[2018.12.27-02.01.33:756][  0]LogConfig: Setting CVar [[gc.MinGCClusterSize:5]]
[2018.12.27-02.01.33:756][  0]LogConfig: Setting CVar [[gc.ActorClusteringEnabled:0]]
[2018.12.27-02.01.33:756][  0]LogConfig: Setting CVar [[gc.BlueprintClusteringEnabled:0]]
[2018.12.27-02.01.33:756][  0]LogConfig: Setting CVar [[gc.UseDisregardForGCOnDedicatedServers:0]]
[2018.12.27-02.01.33:756][  0]LogConfig: Applying CVar settings from Section [/Script/Engine.NetworkSettings] File [C:/Users/seanf/Documents/Unreal Projects/city-crawlers-game/CityCrawlers/Saved/Config/Windows/Engine.ini]
[2018.12.27-02.01.33:756][  0]LogConfig: Applying CVar settings from Section [/Script/UnrealEd.CookerSettings] File [C:/Users/seanf/Documents/Unreal Projects/city-crawlers-game/CityCrawlers/Saved/Config/Windows/Engine.ini]
[2018.12.27-02.01.33:766][  0]LogConfig: Applying CVar settings from Section [ViewDistanceQuality@3] File [C:/Users/seanf/Documents/Unreal Projects/city-crawlers-game/CityCrawlers/Saved/Config/Windows/Scalability.ini]
[2018.12.27-02.01.33:766][  0]LogConfig: Setting CVar [[r.SkeletalMeshLODBias:0]]
[2018.12.27-02.01.33:766][  0]LogConfig: Setting CVar [[r.ViewDistanceScale:1.0]]
[2018.12.27-02.01.33:766][  0]LogConfig: Applying CVar settings from Section [AntiAliasingQuality@3] File [C:/Users/seanf/Documents/Unreal Projects/city-crawlers-game/CityCrawlers/Saved/Config/Windows/Scalability.ini]
[2018.12.27-02.01.33:766][  0]LogConfig: Setting CVar [[r.PostProcessAAQuality:4]]
[2018.12.27-02.01.33:766][  0]LogConfig: Applying CVar settings from Section [ShadowQuality@3] File [C:/Users/seanf/Documents/Unreal Projects/city-crawlers-game/CityCrawlers/Saved/Config/Windows/Scalability.ini]
[2018.12.27-02.01.33:766][  0]LogConfig: Setting CVar [[r.LightFunctionQuality:1]]
[2018.12.27-02.01.33:766][  0]LogConfig: Setting CVar [[r.ShadowQuality:5]]
[2018.12.27-02.01.33:767][  0]LogConfig: Setting CVar [[r.Shadow.CSM.MaxCascades:10]]
[2018.12.27-02.01.33:767][  0]LogConfig: Setting CVar [[r.Shadow.MaxResolution:2048]]
[2018.12.27-02.01.33:767][  0]LogConfig: Setting CVar [[r.Shadow.MaxCSMResolution:2048]]
[2018.12.27-02.01.33:767][  0]LogConfig: Setting CVar [[r.Shadow.RadiusThreshold:0.01]]
[2018.12.27-02.01.33:767][  0]LogConfig: Setting CVar [[r.Shadow.DistanceScale:1.0]]
[2018.12.27-02.01.33:767][  0]LogConfig: Setting CVar [[r.Shadow.CSM.TransitionScale:1.0]]
[2018.12.27-02.01.33:767][  0]LogConfig: Setting CVar [[r.Shadow.PreShadowResolutionFactor:1.0]]
[2018.12.27-02.01.33:767][  0]LogConfig: Setting CVar [[r.DistanceFieldShadowing:1]]
[2018.12.27-02.01.33:767][  0]LogConfig: Setting CVar [[r.DistanceFieldAO:1]]
[2018.12.27-02.01.33:767][  0]LogConfig: Setting CVar [[r.AOQuality:2]]
[2018.12.27-02.01.33:767][  0]LogConfig: Setting CVar [[r.VolumetricFog:1]]
[2018.12.27-02.01.33:767][  0]LogConfig: Setting CVar [[r.VolumetricFog.GridPixelSize:8]]
[2018.12.27-02.01.33:767][  0]LogConfig: Setting CVar [[r.VolumetricFog.GridSizeZ:128]]
[2018.12.27-02.01.33:767][  0]LogConfig: Setting CVar [[r.VolumetricFog.HistoryMissSupersampleCount:4]]
[2018.12.27-02.01.33:767][  0]LogConfig: Setting CVar [[r.LightMaxDrawDistanceScale:1]]
[2018.12.27-02.01.33:767][  0]LogConfig: Setting CVar [[r.CapsuleShadows:1]]
[2018.12.27-02.01.33:767][  0]LogConfig: Applying CVar settings from Section [PostProcessQuality@3] File [C:/Users/seanf/Documents/Unreal Projects/city-crawlers-game/CityCrawlers/Saved/Config/Windows/Scalability.ini]
[2018.12.27-02.01.33:767][  0]LogConfig: Setting CVar [[r.MotionBlurQuality:4]]
[2018.12.27-02.01.33:767][  0]LogConfig: Setting CVar [[r.AmbientOcclusionMipLevelFactor:0.4]]
[2018.12.27-02.01.33:767][  0]LogConfig: Setting CVar [[r.AmbientOcclusionMaxQuality:100]]
[2018.12.27-02.01.33:767][  0]LogConfig: Setting CVar [[r.AmbientOcclusionLevels:-1]]
[2018.12.27-02.01.33:767][  0]LogConfig: Setting CVar [[r.AmbientOcclusionRadiusScale:1.0]]
[2018.12.27-02.01.33:767][  0]LogConfig: Setting CVar [[r.DepthOfFieldQuality:2]]
[2018.12.27-02.01.33:767][  0]LogConfig: Setting CVar [[r.RenderTargetPoolMin:400]]
[2018.12.27-02.01.33:767][  0]LogConfig: Setting CVar [[r.LensFlareQuality:2]]
[2018.12.27-02.01.33:768][  0]LogConfig: Setting CVar [[r.SceneColorFringeQuality:1]]
[2018.12.27-02.01.33:768][  0]LogConfig: Setting CVar [[r.EyeAdaptationQuality:2]]
[2018.12.27-02.01.33:768][  0]LogConfig: Setting CVar [[r.BloomQuality:5]]
[2018.12.27-02.01.33:768][  0]LogConfig: Setting CVar [[r.FastBlurThreshold:100]]
[2018.12.27-02.01.33:768][  0]LogConfig: Setting CVar [[r.Upscale.Quality:3]]
[2018.12.27-02.01.33:768][  0]LogConfig: Setting CVar [[r.Tonemapper.GrainQuantization:1]]
[2018.12.27-02.01.33:768][  0]LogConfig: Setting CVar [[r.LightShaftQuality:1]]
[2018.12.27-02.01.33:768][  0]LogConfig: Setting CVar [[r.Filter.SizeScale:1]]
[2018.12.27-02.01.33:768][  0]LogConfig: Setting CVar [[r.Tonemapper.Quality:5]]
[2018.12.27-02.01.33:768][  0]LogConfig: Setting CVar [[r.DOF.Gather.AccumulatorQuality:1        ; higher gathering accumulator quality]]
[2018.12.27-02.01.33:768][  0]LogConfig: Setting CVar [[r.DOF.Gather.PostfilterMethod:1          ; Median3x3 postfilering method]]
[2018.12.27-02.01.33:768][  0]LogConfig: Setting CVar [[r.DOF.Gather.EnableBokehSettings:0       ; no bokeh simulation when gathering]]
[2018.12.27-02.01.33:768][  0]LogConfig: Setting CVar [[r.DOF.Gather.RingCount:4                 ; medium number of samples when gathering]]
[2018.12.27-02.01.33:768][  0]LogConfig: Setting CVar [[r.DOF.Scatter.ForegroundCompositing:1    ; additive foreground scattering]]
[2018.12.27-02.01.33:768][  0]LogConfig: Setting CVar [[r.DOF.Scatter.BackgroundCompositing:2    ; additive background scattering]]
[2018.12.27-02.01.33:768][  0]LogConfig: Setting CVar [[r.DOF.Scatter.EnableBokehSettings:1      ; bokeh simulation when scattering]]
[2018.12.27-02.01.33:768][  0]LogConfig: Setting CVar [[r.DOF.Scatter.MaxSpriteRatio:0.1         ; only a maximum of 10% of scattered bokeh]]
[2018.12.27-02.01.33:768][  0]LogConfig: Setting CVar [[r.DOF.Recombine.Quality:1                ; cheap slight out of focus]]
[2018.12.27-02.01.33:768][  0]LogConfig: Setting CVar [[r.DOF.Recombine.EnableBokehSettings:0    ; no bokeh simulation on slight out of focus]]
[2018.12.27-02.01.33:768][  0]LogConfig: Setting CVar [[r.DOF.TemporalAAQuality:1                ; more stable temporal accumulation]]
[2018.12.27-02.01.33:768][  0]LogConfig: Setting CVar [[r.DOF.Kernel.MaxForegroundRadius:0.025]]
[2018.12.27-02.01.33:768][  0]LogConfig: Setting CVar [[r.DOF.Kernel.MaxBackgroundRadius:0.025]]
[2018.12.27-02.01.33:768][  0]LogConfig: Applying CVar settings from Section [TextureQuality@3] File [C:/Users/seanf/Documents/Unreal Projects/city-crawlers-game/CityCrawlers/Saved/Config/Windows/Scalability.ini]
[2018.12.27-02.01.33:768][  0]LogConfig: Setting CVar [[r.Streaming.MipBias:0]]
[2018.12.27-02.01.33:768][  0]LogConfig: Setting CVar [[r.Streaming.AmortizeCPUToGPUCopy:0]]
[2018.12.27-02.01.33:768][  0]LogConfig: Setting CVar [[r.Streaming.MaxNumTexturesToStreamPerFrame:0]]
[2018.12.27-02.01.33:768][  0]LogConfig: Setting CVar [[r.Streaming.Boost:1]]
[2018.12.27-02.01.33:769][  0]LogConfig: Setting CVar [[r.MaxAnisotropy:8]]
[2018.12.27-02.01.33:769][  0]LogConfig: Setting CVar [[r.Streaming.LimitPoolSizeToVRAM:0]]
[2018.12.27-02.01.33:769][  0]LogConfig: Setting CVar [[r.Streaming.PoolSize:1000]]
[2018.12.27-02.01.33:769][  0]LogConfig: Setting CVar [[r.Streaming.MaxEffectiveScreenSize:0]]
[2018.12.27-02.01.33:769][  0]LogConfig: Applying CVar settings from Section [EffectsQuality@3] File [C:/Users/seanf/Documents/Unreal Projects/city-crawlers-game/CityCrawlers/Saved/Config/Windows/Scalability.ini]
[2018.12.27-02.01.33:769][  0]LogConfig: Setting CVar [[r.TranslucencyLightingVolumeDim:64]]
[2018.12.27-02.01.33:769][  0]LogConfig: Setting CVar [[r.RefractionQuality:2]]
[2018.12.27-02.01.33:769][  0]LogConfig: Setting CVar [[r.SSR.Quality:3]]
[2018.12.27-02.01.33:769][  0]LogConfig: Setting CVar [[r.SceneColorFormat:4]]
[2018.12.27-02.01.33:769][  0]LogConfig: Setting CVar [[r.DetailMode:2]]
[2018.12.27-02.01.33:769][  0]LogConfig: Setting CVar [[r.TranslucencyVolumeBlur:1]]
[2018.12.27-02.01.33:769][  0]LogConfig: Setting CVar [[r.MaterialQualityLevel:1 ; High quality]]
[2018.12.27-02.01.33:769][  0]LogConfig: Setting CVar [[r.SSS.Scale:1]]
[2018.12.27-02.01.33:769][  0]LogConfig: Setting CVar [[r.SSS.SampleSet:2]]
[2018.12.27-02.01.33:769][  0]LogConfig: Setting CVar [[r.SSS.Quality:1]]
[2018.12.27-02.01.33:769][  0]LogConfig: Setting CVar [[r.SSS.HalfRes:1]]
[2018.12.27-02.01.33:769][  0]LogConfig: Setting CVar [[r.EmitterSpawnRateScale:1.0]]
[2018.12.27-02.01.33:769][  0]LogConfig: Setting CVar [[r.ParticleLightQuality:2]]
[2018.12.27-02.01.33:769][  0]LogConfig: Applying CVar settings from Section [FoliageQuality@3] File [C:/Users/seanf/Documents/Unreal Projects/city-crawlers-game/CityCrawlers/Saved/Config/Windows/Scalability.ini]
[2018.12.27-02.01.33:769][  0]LogConfig: Setting CVar [[foliage.DensityScale:1.0]]
[2018.12.27-02.01.33:769][  0]LogConfig: Setting CVar [[grass.DensityScale:1.0]]
[2018.12.27-02.01.33:769][  0]LogInit: Selected Device Profile: [Windows]
[2018.12.27-02.01.33:769][  0]LogInit: Applying CVar settings loaded from the selected device profile: [Windows]
[2018.12.27-02.01.33:787][  0]LogHAL: Display: Platform has ~ 8 GB [8475541504 / 8589934592 / 8], which maps to Default [LargestMinGB=32, LargerMinGB=12, DefaultMinGB=8, SmallerMinGB=6, SmallestMinGB=0)
[2018.12.27-02.01.33:787][  0]LogConfig: Setting CVar [[r.Vulkan.UseRealUBs:1]]
[2018.12.27-02.01.33:787][  0]LogInit: Going up to parent DeviceProfile []
[2018.12.27-02.01.33:787][  0]LogConfig: Applying CVar settings from Section [ViewDistanceQuality@3] File [C:/Users/seanf/Documents/Unreal Projects/city-crawlers-game/CityCrawlers/Saved/Config/Windows/Scalability.ini]
[2018.12.27-02.01.33:787][  0]LogConfig: Setting CVar [[r.SkeletalMeshLODBias:0]]
[2018.12.27-02.01.33:787][  0]LogConfig: Setting CVar [[r.ViewDistanceScale:1.0]]
[2018.12.27-02.01.33:787][  0]LogConfig: Applying CVar settings from Section [AntiAliasingQuality@3] File [C:/Users/seanf/Documents/Unreal Projects/city-crawlers-game/CityCrawlers/Saved/Config/Windows/Scalability.ini]
[2018.12.27-02.01.33:787][  0]LogConfig: Setting CVar [[r.PostProcessAAQuality:4]]
[2018.12.27-02.01.33:787][  0]LogConfig: Applying CVar settings from Section [ShadowQuality@3] File [C:/Users/seanf/Documents/Unreal Projects/city-crawlers-game/CityCrawlers/Saved/Config/Windows/Scalability.ini]
[2018.12.27-02.01.33:787][  0]LogConfig: Setting CVar [[r.LightFunctionQuality:1]]
[2018.12.27-02.01.33:787][  0]LogConfig: Setting CVar [[r.ShadowQuality:5]]
[2018.12.27-02.01.33:787][  0]LogConfig: Setting CVar [[r.Shadow.CSM.MaxCascades:10]]
[2018.12.27-02.01.33:787][  0]LogConfig: Setting CVar [[r.Shadow.MaxResolution:2048]]
[2018.12.27-02.01.33:787][  0]LogConfig: Setting CVar [[r.Shadow.MaxCSMResolution:2048]]
[2018.12.27-02.01.33:787][  0]LogConfig: Setting CVar [[r.Shadow.RadiusThreshold:0.01]]
[2018.12.27-02.01.33:787][  0]LogConfig: Setting CVar [[r.Shadow.DistanceScale:1.0]]
[2018.12.27-02.01.33:787][  0]LogConfig: Setting CVar [[r.Shadow.CSM.TransitionScale:1.0]]
[2018.12.27-02.01.33:787][  0]LogConfig: Setting CVar [[r.Shadow.PreShadowResolutionFactor:1.0]]
[2018.12.27-02.01.33:787][  0]LogConfig: Setting CVar [[r.DistanceFieldShadowing:1]]
[2018.12.27-02.01.33:787][  0]LogConfig: Setting CVar [[r.DistanceFieldAO:1]]
[2018.12.27-02.01.33:787][  0]LogConfig: Setting CVar [[r.AOQuality:2]]
[2018.12.27-02.01.33:787][  0]LogConfig: Setting CVar [[r.VolumetricFog:1]]
[2018.12.27-02.01.33:787][  0]LogConfig: Setting CVar [[r.VolumetricFog.GridPixelSize:8]]
[2018.12.27-02.01.33:787][  0]LogConfig: Setting CVar [[r.VolumetricFog.GridSizeZ:128]]
[2018.12.27-02.01.33:787][  0]LogConfig: Setting CVar [[r.VolumetricFog.HistoryMissSupersampleCount:4]]
[2018.12.27-02.01.33:788][  0]LogConfig: Setting CVar [[r.LightMaxDrawDistanceScale:1]]
[2018.12.27-02.01.33:788][  0]LogConfig: Setting CVar [[r.CapsuleShadows:1]]
[2018.12.27-02.01.33:788][  0]LogConfig: Applying CVar settings from Section [PostProcessQuality@3] File [C:/Users/seanf/Documents/Unreal Projects/city-crawlers-game/CityCrawlers/Saved/Config/Windows/Scalability.ini]
[2018.12.27-02.01.33:788][  0]LogConfig: Setting CVar [[r.MotionBlurQuality:4]]
[2018.12.27-02.01.33:788][  0]LogConfig: Setting CVar [[r.AmbientOcclusionMipLevelFactor:0.4]]
[2018.12.27-02.01.33:788][  0]LogConfig: Setting CVar [[r.AmbientOcclusionMaxQuality:100]]
[2018.12.27-02.01.33:788][  0]LogConfig: Setting CVar [[r.AmbientOcclusionLevels:-1]]
[2018.12.27-02.01.33:788][  0]LogConfig: Setting CVar [[r.AmbientOcclusionRadiusScale:1.0]]
[2018.12.27-02.01.33:788][  0]LogConfig: Setting CVar [[r.DepthOfFieldQuality:2]]
[2018.12.27-02.01.33:788][  0]LogConfig: Setting CVar [[r.RenderTargetPoolMin:400]]
[2018.12.27-02.01.33:788][  0]LogConfig: Setting CVar [[r.LensFlareQuality:2]]
[2018.12.27-02.01.33:788][  0]LogConfig: Setting CVar [[r.SceneColorFringeQuality:1]]
[2018.12.27-02.01.33:788][  0]LogConfig: Setting CVar [[r.EyeAdaptationQuality:2]]
[2018.12.27-02.01.33:788][  0]LogConfig: Setting CVar [[r.BloomQuality:5]]
[2018.12.27-02.01.33:788][  0]LogConfig: Setting CVar [[r.FastBlurThreshold:100]]
[2018.12.27-02.01.33:788][  0]LogConfig: Setting CVar [[r.Upscale.Quality:3]]
[2018.12.27-02.01.33:788][  0]LogConfig: Setting CVar [[r.Tonemapper.GrainQuantization:1]]
[2018.12.27-02.01.33:788][  0]LogConfig: Setting CVar [[r.LightShaftQuality:1]]
[2018.12.27-02.01.33:788][  0]LogConfig: Setting CVar [[r.Filter.SizeScale:1]]
[2018.12.27-02.01.33:788][  0]LogConfig: Setting CVar [[r.Tonemapper.Quality:5]]
[2018.12.27-02.01.33:788][  0]LogConfig: Setting CVar [[r.DOF.Gather.AccumulatorQuality:1        ; higher gathering accumulator quality]]
[2018.12.27-02.01.33:788][  0]LogConfig: Setting CVar [[r.DOF.Gather.PostfilterMethod:1          ; Median3x3 postfilering method]]
[2018.12.27-02.01.33:788][  0]LogConfig: Setting CVar [[r.DOF.Gather.EnableBokehSettings:0       ; no bokeh simulation when gathering]]
[2018.12.27-02.01.33:788][  0]LogConfig: Setting CVar [[r.DOF.Gather.RingCount:4                 ; medium number of samples when gathering]]
[2018.12.27-02.01.33:788][  0]LogConfig: Setting CVar [[r.DOF.Scatter.ForegroundCompositing:1    ; additive foreground scattering]]
[2018.12.27-02.01.33:788][  0]LogConfig: Setting CVar [[r.DOF.Scatter.BackgroundCompositing:2    ; additive background scattering]]
[2018.12.27-02.01.33:788][  0]LogConfig: Setting CVar [[r.DOF.Scatter.EnableBokehSettings:1      ; bokeh simulation when scattering]]
[2018.12.27-02.01.33:788][  0]LogConfig: Setting CVar [[r.DOF.Scatter.MaxSpriteRatio:0.1         ; only a maximum of 10% of scattered bokeh]]
[2018.12.27-02.01.33:788][  0]LogConfig: Setting CVar [[r.DOF.Recombine.Quality:1                ; cheap slight out of focus]]
[2018.12.27-02.01.33:788][  0]LogConfig: Setting CVar [[r.DOF.Recombine.EnableBokehSettings:0    ; no bokeh simulation on slight out of focus]]
[2018.12.27-02.01.33:788][  0]LogConfig: Setting CVar [[r.DOF.TemporalAAQuality:1                ; more stable temporal accumulation]]
[2018.12.27-02.01.33:788][  0]LogConfig: Setting CVar [[r.DOF.Kernel.MaxForegroundRadius:0.025]]
[2018.12.27-02.01.33:788][  0]LogConfig: Setting CVar [[r.DOF.Kernel.MaxBackgroundRadius:0.025]]
[2018.12.27-02.01.33:788][  0]LogConfig: Applying CVar settings from Section [TextureQuality@3] File [C:/Users/seanf/Documents/Unreal Projects/city-crawlers-game/CityCrawlers/Saved/Config/Windows/Scalability.ini]
[2018.12.27-02.01.33:788][  0]LogConfig: Setting CVar [[r.Streaming.MipBias:0]]
[2018.12.27-02.01.33:788][  0]LogConfig: Setting CVar [[r.Streaming.AmortizeCPUToGPUCopy:0]]
[2018.12.27-02.01.33:788][  0]LogConfig: Setting CVar [[r.Streaming.MaxNumTexturesToStreamPerFrame:0]]
[2018.12.27-02.01.33:789][  0]LogConfig: Setting CVar [[r.Streaming.Boost:1]]
[2018.12.27-02.01.33:789][  0]LogConfig: Setting CVar [[r.MaxAnisotropy:8]]
[2018.12.27-02.01.33:789][  0]LogConfig: Setting CVar [[r.Streaming.LimitPoolSizeToVRAM:0]]
[2018.12.27-02.01.33:789][  0]LogConfig: Setting CVar [[r.Streaming.PoolSize:1000]]
[2018.12.27-02.01.33:789][  0]LogConfig: Setting CVar [[r.Streaming.MaxEffectiveScreenSize:0]]
[2018.12.27-02.01.33:789][  0]LogConfig: Applying CVar settings from Section [EffectsQuality@3] File [C:/Users/seanf/Documents/Unreal Projects/city-crawlers-game/CityCrawlers/Saved/Config/Windows/Scalability.ini]
[2018.12.27-02.01.33:789][  0]LogConfig: Setting CVar [[r.TranslucencyLightingVolumeDim:64]]
[2018.12.27-02.01.33:789][  0]LogConfig: Setting CVar [[r.RefractionQuality:2]]
[2018.12.27-02.01.33:789][  0]LogConfig: Setting CVar [[r.SSR.Quality:3]]
[2018.12.27-02.01.33:789][  0]LogConfig: Setting CVar [[r.SceneColorFormat:4]]
[2018.12.27-02.01.33:789][  0]LogConfig: Setting CVar [[r.DetailMode:2]]
[2018.12.27-02.01.33:789][  0]LogConfig: Setting CVar [[r.TranslucencyVolumeBlur:1]]
[2018.12.27-02.01.33:789][  0]LogConfig: Setting CVar [[r.MaterialQualityLevel:1 ; High quality]]
[2018.12.27-02.01.33:789][  0]LogConfig: Setting CVar [[r.SSS.Scale:1]]
[2018.12.27-02.01.33:789][  0]LogConfig: Setting CVar [[r.SSS.SampleSet:2]]
[2018.12.27-02.01.33:789][  0]LogConfig: Setting CVar [[r.SSS.Quality:1]]
[2018.12.27-02.01.33:789][  0]LogConfig: Setting CVar [[r.SSS.HalfRes:1]]
[2018.12.27-02.01.33:789][  0]LogConfig: Setting CVar [[r.EmitterSpawnRateScale:1.0]]
[2018.12.27-02.01.33:789][  0]LogConfig: Setting CVar [[r.ParticleLightQuality:2]]
[2018.12.27-02.01.33:790][  0]LogConfig: Applying CVar settings from Section [FoliageQuality@3] File [C:/Users/seanf/Documents/Unreal Projects/city-crawlers-game/CityCrawlers/Saved/Config/Windows/Scalability.ini]
[2018.12.27-02.01.33:790][  0]LogConfig: Setting CVar [[foliage.DensityScale:1.0]]
[2018.12.27-02.01.33:790][  0]LogConfig: Setting CVar [[grass.DensityScale:1.0]]
[2018.12.27-02.01.33:790][  0]LogConfig: Applying CVar settings from Section [Startup] File [../../../Engine/Config/ConsoleVariables.ini]
[2018.12.27-02.01.33:790][  0]LogConfig: Setting CVar [[net.UseAdaptiveNetUpdateFrequency:0]]
[2018.12.27-02.01.33:790][  0]LogConfig: Applying CVar settings from Section [ConsoleVariables] File [C:/Users/seanf/Documents/Unreal Projects/city-crawlers-game/CityCrawlers/Saved/Config/Windows/Engine.ini]
[2018.12.27-02.01.33:791][  0]LogInit: Computer: LAPTOP-FCVNU3VG
[2018.12.27-02.01.33:791][  0]LogInit: User: seanf
[2018.12.27-02.01.33:791][  0]LogInit: CPU Page size=4096, Cores=2
[2018.12.27-02.01.33:791][  0]LogInit: High frequency timer resolution =2.249996 MHz
[2018.12.27-02.01.33:791][  0]LogMemory: Memory total: Physical=7.9GB (8GB approx)
[2018.12.27-02.01.33:791][  0]LogMemory: Platform Memory Stats for Windows
[2018.12.27-02.01.33:791][  0]LogMemory: Process Physical Memory: 103.64 MB used, 103.64 MB peak
[2018.12.27-02.01.33:791][  0]LogMemory: Process Virtual Memory: 95.01 MB used, 95.01 MB peak
[2018.12.27-02.01.33:791][  0]LogMemory: Physical Memory: 4909.85 MB used,  3173.06 MB free, 8082.91 MB total
[2018.12.27-02.01.33:791][  0]LogMemory: Virtual Memory: 4625.02 MB used,  134213104.00 MB free, 134217728.00 MB total
[2018.12.27-02.01.33:854][  0]LogInit: Using OS detected language (en-US).
[2018.12.27-02.01.33:854][  0]LogInit: Using OS detected locale (en-US).
[2018.12.27-02.01.33:856][  0]LogTextLocalizationManager: No specific localization for 'en-US' exists, so the 'en' localization will be used.
[2018.12.27-02.01.34:564][  0]LogStreaming: Display: Took  0.710s to InitEngineTextLocalization.
[2018.12.27-02.01.34:564][  0]LogInit: Setting process to per monitor DPI aware
[2018.12.27-02.01.34:636][  0]LogSlate: New Slate User Created.  User Index 0, Is Virtual User: 0
[2018.12.27-02.01.34:636][  0]LogSlate: Slate User Registered.  User Index 0, Is Virtual User: 0
[2018.12.27-02.01.35:204][  0]LogHMD: Failed to initialize OpenVR with code 110
[2018.12.27-02.01.35:204][  0]LogD3D11RHI: D3D11 adapters:
[2018.12.27-02.01.35:225][  0]LogD3D11RHI:    0. 'Intel(R) HD Graphics 520' (Feature Level 11_0)
[2018.12.27-02.01.35:225][  0]LogD3D11RHI:       128/0/4041 MB DedicatedVideo/DedicatedSystem/SharedSystem, Outputs:2, VendorId:0x8086
[2018.12.27-02.01.35:229][  0]LogD3D11RHI:    1. 'Microsoft Basic Render Driver' (Feature Level 11_0)
[2018.12.27-02.01.35:229][  0]LogD3D11RHI:       0/0/4041 MB DedicatedVideo/DedicatedSystem/SharedSystem, Outputs:0, VendorId:0x1414
[2018.12.27-02.01.35:229][  0]LogD3D11RHI: Chosen D3D11 Adapter: 0
[2018.12.27-02.01.35:240][  0]LogD3D11RHI: Creating new Direct3DDevice
[2018.12.27-02.01.35:241][  0]LogD3D11RHI:     GPU DeviceId: 0x1916 (for the marketing name, search the web for "GPU Device Id")
[2018.12.27-02.01.35:241][  0]LogWindows: EnumDisplayDevices:
[2018.12.27-02.01.35:241][  0]LogWindows:    0. 'Intel(R) HD Graphics 520' (P:1 D:1)
[2018.12.27-02.01.35:242][  0]LogWindows:    1. 'Intel(R) HD Graphics 520' (P:0 D:1)
[2018.12.27-02.01.35:243][  0]LogWindows:    2. 'Intel(R) HD Graphics 520' (P:0 D:0)
[2018.12.27-02.01.35:243][  0]LogWindows: DebugString: FoundDriverCount:3 
[2018.12.27-02.01.35:243][  0]LogD3D11RHI:     Adapter Name: Intel(R) HD Graphics 520
[2018.12.27-02.01.35:243][  0]LogD3D11RHI:   Driver Version: 22.20.16.4718 (internal:22.20.16.4718, unified:22.20.16.4718)
[2018.12.27-02.01.35:243][  0]LogD3D11RHI:      Driver Date: 6-24-2017
[2018.12.27-02.01.35:243][  0]LogRHI: Texture pool is 1504 MB (70% of 2148 MB)
[2018.12.27-02.01.35:356][  0]LogD3D11RHI: [IntelMetricsDiscovery] Started
[2018.12.27-02.01.35:356][  0]LogD3D11RHI: Async texture creation enabled
[2018.12.27-02.01.35:370][  0]LogD3D11RHI: GPU Timing Frequency: 12.000000 (Debug: 2 0)
[2018.12.27-02.01.36:191][  0]LogTemp: Display: Loaded TP AllDesktopTargetPlatform
[2018.12.27-02.01.36:216][  0]LogTemp: Display: Loaded TP MacClientTargetPlatform
[2018.12.27-02.01.36:239][  0]LogTemp: Display: Loaded TP MacNoEditorTargetPlatform
[2018.12.27-02.01.36:263][  0]LogTemp: Display: Loaded TP MacServerTargetPlatform
[2018.12.27-02.01.36:293][  0]LogTemp: Display: Loaded TP MacTargetPlatform
[2018.12.27-02.01.36:319][  0]LogTemp: Display: Loaded TP WindowsClientTargetPlatform
[2018.12.27-02.01.36:341][  0]LogTemp: Display: Loaded TP WindowsNoEditorTargetPlatform
[2018.12.27-02.01.36:367][  0]LogTemp: Display: Loaded TP WindowsServerTargetPlatform
[2018.12.27-02.01.36:380][  0]LogTemp: Display: Loaded TP WindowsTargetPlatform
[2018.12.27-02.01.36:523][  0]LogTemp: Display: Loaded TP AndroidTargetPlatform
[2018.12.27-02.01.36:523][  0]LogTemp: Display: Loaded TP AndroidTargetPlatform
[2018.12.27-02.01.36:523][  0]LogTemp: Display: Loaded TP AndroidTargetPlatform
[2018.12.27-02.01.36:523][  0]LogTemp: Display: Loaded TP AndroidTargetPlatform
[2018.12.27-02.01.36:523][  0]LogTemp: Display: Loaded TP AndroidTargetPlatform
[2018.12.27-02.01.36:523][  0]LogTemp: Display: Loaded TP AndroidTargetPlatform
[2018.12.27-02.01.36:523][  0]LogTemp: Display: Loaded TP AndroidTargetPlatform
[2018.12.27-02.01.36:523][  0]LogTemp: Display: Loaded TP AndroidTargetPlatform
[2018.12.27-02.01.36:523][  0]LogTemp: Display: Loaded TP AndroidTargetPlatform
[2018.12.27-02.01.36:523][  0]LogTemp: Display: Loaded TP AndroidTargetPlatform
[2018.12.27-02.01.36:523][  0]LogTemp: Display: Loaded TP AndroidTargetPlatform
[2018.12.27-02.01.36:523][  0]LogTemp: Display: Loaded TP AndroidTargetPlatform
[2018.12.27-02.01.36:523][  0]LogTemp: Display: Loaded TP AndroidTargetPlatform
[2018.12.27-02.01.36:523][  0]LogTemp: Display: Loaded TP AndroidTargetPlatform
[2018.12.27-02.01.36:523][  0]LogTemp: Display: Loaded TP AndroidTargetPlatform
[2018.12.27-02.01.36:523][  0]LogTemp: Display: Loaded TP AndroidTargetPlatform
[2018.12.27-02.01.36:523][  0]LogTemp: Display: Loaded TP AndroidTargetPlatform
[2018.12.27-02.01.36:523][  0]LogTemp: Display: Loaded TP AndroidTargetPlatform
[2018.12.27-02.01.36:526][  0]LogTemp: Display: Loaded TP HTML5TargetPlatform
[2018.12.27-02.01.36:614][  0]LogTemp: Display: Loaded TP IOSTargetPlatform
[2018.12.27-02.01.36:614][  0]LogTemp: Display: Loaded TP IOSTargetPlatform
[2018.12.27-02.01.36:664][  0]LogTemp: Display: Loaded TP TVOSTargetPlatform
[2018.12.27-02.01.36:664][  0]LogTemp: Display: Loaded TP TVOSTargetPlatform
[2018.12.27-02.01.36:686][  0]LogTemp: Display: Loaded TP LinuxClientTargetPlatform
[2018.12.27-02.01.36:707][  0]LogTemp: Display: Loaded TP LinuxNoEditorTargetPlatform
[2018.12.27-02.01.36:733][  0]LogTemp: Display: Loaded TP LinuxServerTargetPlatform
[2018.12.27-02.01.36:758][  0]LogTemp: Display: Loaded TP LinuxTargetPlatform
[2018.12.27-02.01.36:843][  0]LogTemp: Display: Loaded TP LuminTargetPlatform
[2018.12.27-02.01.36:843][  0]LogTemp: Display: Loaded TP LuminTargetPlatform
[2018.12.27-02.01.36:843][  0]LogTargetPlatformManager: Display: Building Assets For Windows
[2018.12.27-02.01.36:956][  0]LogShaderCompilers: Guid format shader working directory is -42 characters bigger than the processId version (../../../../../../Users/seanf/Documents/Unreal Projects/city-crawlers-game/CityCrawlers/Intermediate/Shaders/WorkingDirectory/15304/).
[2018.12.27-02.01.36:956][  0]LogShaderCompilers: Cleaned the shader compiler working directory 'C:/Users/seanf/AppData/Local/Temp/UnrealShaderWorkingDir/C3CD6224440908D2EFE42CB1F9ECDB7D/'.
[2018.12.27-02.01.36:960][  0]LogXGEController: Cannot use XGE Controller as Incredibuild is not installed on this machine.
[2018.12.27-02.01.36:960][  0]LogShaderCompilers: Cannot use XGE Shader Compiler as Incredibuild is not installed on this machine.
[2018.12.27-02.01.36:960][  0]LogShaderCompilers: Display: Using Local Shader Compiler.
[2018.12.27-02.01.37:889][  0]LogDerivedDataCache: Display: Max Cache Size: 512 MB
[2018.12.27-02.01.37:972][  0]LogDerivedDataCache: Loaded boot cache 0.08s 71MB C:/Users/seanf/AppData/Local/UnrealEngine/4.21/DerivedDataCache/Boot.ddc.
[2018.12.27-02.01.37:972][  0]LogDerivedDataCache: Display: Loaded Boot cache: C:/Users/seanf/AppData/Local/UnrealEngine/4.21/DerivedDataCache/Boot.ddc
[2018.12.27-02.01.37:972][  0]LogDerivedDataCache: FDerivedDataBackendGraph:  Pak pak cache file ../../../../../../Users/seanf/Documents/Unreal Projects/city-crawlers-game/CityCrawlers/DerivedDataCache/DDC.ddp not found, will not use a pak cache.
[2018.12.27-02.01.37:972][  0]LogDerivedDataCache: Unable to find inner node Pak for hierarchical cache Hierarchy.
[2018.12.27-02.01.37:972][  0]LogDerivedDataCache: FDerivedDataBackendGraph:  CompressedPak pak cache file ../../../../../../Users/seanf/Documents/Unreal Projects/city-crawlers-game/CityCrawlers/DerivedDataCache/Compressed.ddp not found, will not use a pak cache.
[2018.12.27-02.01.37:972][  0]LogDerivedDataCache: Unable to find inner node CompressedPak for hierarchical cache Hierarchy.
[2018.12.27-02.01.37:993][  0]LogDerivedDataCache: Display: Pak cache opened for reading ../../../Engine/DerivedDataCache/Compressed.ddp.
[2018.12.27-02.01.37:994][  0]LogDerivedDataCache: FDerivedDataBackendGraph:  EnterprisePak pak cache file ../../../Enterprise/DerivedDataCache/Compressed.ddp not found, will not use a pak cache.
[2018.12.27-02.01.37:994][  0]LogDerivedDataCache: Unable to find inner node EnterprisePak for hierarchical cache Hierarchy.
[2018.12.27-02.01.38:006][  0]LogDerivedDataCache: Using Local data cache path C:/Users/seanf/AppData/Local/UnrealEngine/Common/DerivedDataCache: Writable
[2018.12.27-02.01.38:006][  0]LogDerivedDataCache: Shared data cache path not found in *engine.ini, will not use an Shared cache.
[2018.12.27-02.01.38:006][  0]LogDerivedDataCache: Unable to find inner node Shared for hierarchical cache Hierarchy.
[2018.12.27-02.01.38:055][  0]LogMaterial: Verifying Global Shaders for PCD3D_SM5
[2018.12.27-02.01.38:057][  0]LogSlate: Using FreeType 2.6.0
[2018.12.27-02.01.38:059][  0]LogSlate: SlateFontServices - WITH_FREETYPE: 1, WITH_HARFBUZZ: 1
[2018.12.27-02.01.38:243][  0]LogAssetRegistry: FAssetRegistry took 0.0474 seconds to start up
[2018.12.27-02.01.38:929][  0]LogInit: Selected Device Profile: [Windows]
[2018.12.27-02.01.39:220][  0]LogSimplygon: Simplygon DLL not present - disabling.
[2018.12.27-02.01.39:228][  0]LogMeshReduction: Using SimplygonSwarm for distributed automatic mesh merging
[2018.12.27-02.01.39:228][  0]LogMeshReduction: Using ProxyLODMeshReduction for automatic mesh merging
[2018.12.27-02.01.39:228][  0]LogMeshReduction: Using QuadricMeshReduction for automatic static mesh reduction
[2018.12.27-02.01.39:228][  0]LogMeshReduction: No automatic skeletal mesh reduction module available
[2018.12.27-02.01.39:254][  0]LogNetVersion: CityCrawlers 1.0.0, NetCL: 4541578, EngineNetVer: 5, GameNetVer: 0 (Checksum: 1436417989)
[2018.12.27-02.01.40:276][  0]LogPackageLocalizationCache: Processed 12 localized package path(s) for 2 prioritized culture(s) in 0.208871 seconds
[2018.12.27-02.01.40:286][  0]LogUObjectArray: 39775 objects as part of root set at end of initial load.
[2018.12.27-02.01.40:287][  0]LogUObjectAllocator: 6914656 out of 0 bytes used by permanent object pool.
[2018.12.27-02.01.40:287][  0]LogUObjectArray: CloseDisregardForGC: 0/0 objects in disregard for GC pool
[2018.12.27-02.01.42:372][  0]LogTcpMessaging: Initializing TcpMessaging bridge
[2018.12.27-02.01.42:388][  0]LogUdpMessaging: Initializing bridge on interface 0.0.0.0:0 to multicast group 230.0.0.1:6666.
[2018.12.27-02.01.43:946][  0]SourceControl: Source control is disabled
[2018.12.27-02.01.43:946][  0]SourceControl: Source control is disabled
[2018.12.27-02.01.43:948][  0]SourceControl: Source control is disabled
[2018.12.27-02.01.43:951][  0]SourceControl: Source control is disabled
[2018.12.27-02.01.44:190][  0]LogAndroidPermission: UAndroidPermissionCallbackProxy::GetInstance
[2018.12.27-02.01.44:720][  0]LogOcInput: OculusInput pre-init called
[2018.12.27-02.01.44:892][  0]LogEngine: Initializing Engine...
[2018.12.27-02.01.44:894][  0]LogHMD: Failed to initialize OpenVR with code 110
[2018.12.27-02.01.44:898][  0]LogStats: UGameplayTagsManager::ConstructGameplayTagTree: ImportINI prefixes -  0.000 s
[2018.12.27-02.01.44:898][  0]LogStats: UGameplayTagsManager::ConstructGameplayTagTree: Construct from data asset -  0.000 s
[2018.12.27-02.01.44:898][  0]LogStats: UGameplayTagsManager::ConstructGameplayTagTree: ImportINI -  0.000 s
[2018.12.27-02.01.44:898][  0]LogStats: UGameplayTagsManager::ConstructGameplayTagTree: GameplayTagTreeChangedEvent.Broadcast -  0.000 s
[2018.12.27-02.01.45:300][  0]LogInit: Initializing FReadOnlyCVARCache
[2018.12.27-02.01.45:325][  0]LogAIModule: Creating AISystem for world Untitled
[2018.12.27-02.01.45:456][  0]LogInit: XAudio2 using 'VoiceMeeter Input (VB-Audio VoiceMeeter VAIO)' : 2 channels at 48 kHz using 16 bits per sample (channel mask 0x3)
[2018.12.27-02.01.45:487][  0]LogInit: FAudioDevice initialized.
[2018.12.27-02.01.45:488][  0]LogNetVersion: Set ProjectVersion to 1.0.0.0. Version Checksum will be recalculated on next use.
[2018.12.27-02.01.45:871][  0]LogDerivedDataCache: Saved boot cache 0.38s 71MB C:/Users/seanf/AppData/Local/UnrealEngine/4.21/DerivedDataCache/Boot.ddc.
[2018.12.27-02.01.45:884][  0]LogInit: Texture streaming: Enabled
[2018.12.27-02.01.45:953][  0]LogEngineSessionManager: EngineSessionManager initialized
[2018.12.27-02.01.45:973][  0]LogInit: Transaction tracking system initialized
[2018.12.27-02.01.46:020][  0]BlueprintLog: New page: Editor Load
[2018.12.27-02.01.46:168][  0]LocalizationService: Localization service is disabled
[2018.12.27-02.01.47:014][  0]LogFileCache: Scanning file cache for directory 'C:/Users/seanf/Documents/Unreal Projects/city-crawlers-game/CityCrawlers/Content/' took 0.03s
[2018.12.27-02.01.47:014][  0]LogCook: Display: Max memory allowance for cook 16384mb min free memory 0mb
[2018.12.27-02.01.47:014][  0]LogCook: Display: Mobile HDR setting 1
[2018.12.27-02.01.47:014][  0]LogGameplayTags: Display: UGameplayTagsManager::DoneAddingNativeTags. DelegateIsBound: 0
[2018.12.27-02.01.47:014][  0]LogStats: UGameplayTagsManager::ConstructGameplayTagTree: ImportINI prefixes -  0.000 s
[2018.12.27-02.01.47:015][  0]LogStats: UGameplayTagsManager::ConstructGameplayTagTree: Construct from data asset -  0.000 s
[2018.12.27-02.01.47:015][  0]LogStats: UGameplayTagsManager::ConstructGameplayTagTree: ImportINI -  0.000 s
[2018.12.27-02.01.47:015][  0]LogStats: UGameplayTagsManager::ConstructGameplayTagTree: GameplayTagTreeChangedEvent.Broadcast -  0.000 s
[2018.12.27-02.01.47:304][  0]SourceControl: Source control is disabled
[2018.12.27-02.01.47:304][  0]Cmd: MAP LOAD FILE="../../../../../../Users/seanf/Documents/Unreal Projects/city-crawlers-game/CityCrawlers/Content/ThirdPersonBP/Maps/ThirdPersonExampleMap.umap" TEMPLATE=0 SHOWPROGRESS=1 FEATURELEVEL=3
[2018.12.27-02.01.47:306][  0]LightingResults: New page: Lighting Build
[2018.12.27-02.01.47:311][  0]MapCheck: New page: Map Check
[2018.12.27-02.01.47:311][  0]LightingResults: New page: Lighting Build
[2018.12.27-02.01.48:660][  0]LogAIModule: Creating AISystem for world ThirdPersonExampleMap
[2018.12.27-02.01.48:692][  0]LogEditorServer: Finished looking for orphan Actors (0.000 secs)
[2018.12.27-02.01.48:734][  0]Cmd: MAP CHECKDEP NOCLEARLOG
[2018.12.27-02.01.48:735][  0]MapCheck: Map check complete: 0 Error(s), 0 Warning(s), took 0.219ms to complete.
[2018.12.27-02.01.48:735][  0]LogFileHelpers: Loading map 'ThirdPersonExampleMap' took 1.431
[2018.12.27-02.01.48:904][  0]LogSlate: Updating window title bar state: overlay mode, drag disabled, window buttons hidden, title bar hidden
[2018.12.27-02.01.48:920][  0]LogSlate: Updating window title bar state: overlay mode, drag disabled, window buttons hidden, title bar hidden
[2018.12.27-02.01.48:937][  0]LogSlate: Updating window title bar state: overlay mode, drag disabled, window buttons hidden, title bar hidden
[2018.12.27-02.01.48:955][  0]LogSlate: Updating window title bar state: overlay mode, drag disabled, window buttons hidden, title bar hidden
[2018.12.27-02.01.48:968][  0]LogCollectionManager: Loaded 0 collections in 0.004238 seconds
[2018.12.27-02.01.49:015][  0]LogFileCache: Scanning file cache for directory 'C:/Users/seanf/Documents/Unreal Projects/city-crawlers-game/CityCrawlers/Saved/Collections/' took 0.01s
[2018.12.27-02.01.49:015][  0]LogFileCache: Scanning file cache for directory 'C:/Users/seanf/Documents/Unreal Projects/city-crawlers-game/CityCrawlers/Content/Developers/seanf/Collections/' took 0.01s
[2018.12.27-02.01.49:015][  0]LogFileCache: Scanning file cache for directory 'C:/Users/seanf/Documents/Unreal Projects/city-crawlers-game/CityCrawlers/Content/Collections/' took 0.01s
[2018.12.27-02.01.49:015][  0]LogCollectionManager: Rebuilt the GUID cache for 0 collections in 0.000000 seconds
[2018.12.27-02.01.49:036][  0]LogContentBrowser: Native class hierarchy populated in 0.0207 seconds. Added 2653 classes and 626 folders.
[2018.12.27-02.01.49:051][  0]LogContentBrowser: Native class hierarchy updated for 'WidgetCarousel' in 0.0005 seconds. Added 0 classes and 0 folders.
[2018.12.27-02.01.49:056][  0]LogPakFile: Registered encryption key '00000000000000000000000000000000': 0 pak files mounted, 0 remain pending
[2018.12.27-02.01.49:059][  0]LogPakFile: Registered encryption key '00000000000000000000000000000000': 0 pak files mounted, 0 remain pending
[2018.12.27-02.01.49:060][  0]LogPakFile: Registered encryption key '00000000000000000000000000000000': 0 pak files mounted, 0 remain pending
[2018.12.27-02.01.49:062][  0]LogPakFile: Registered encryption key '00000000000000000000000000000000': 0 pak files mounted, 0 remain pending
[2018.12.27-02.01.49:063][  0]LogPakFile: Registered encryption key '00000000000000000000000000000000': 0 pak files mounted, 0 remain pending
[2018.12.27-02.01.49:065][  0]LogPakFile: Registered encryption key '00000000000000000000000000000000': 0 pak files mounted, 0 remain pending
[2018.12.27-02.01.49:066][  0]LogPakFile: Registered encryption key '00000000000000000000000000000000': 0 pak files mounted, 0 remain pending
[2018.12.27-02.01.49:068][  0]LogPakFile: Registered encryption key '00000000000000000000000000000000': 0 pak files mounted, 0 remain pending
[2018.12.27-02.01.49:070][  0]LogPakFile: Registered encryption key '00000000000000000000000000000000': 0 pak files mounted, 0 remain pending
[2018.12.27-02.01.49:072][  0]LogPakFile: Registered encryption key '00000000000000000000000000000000': 0 pak files mounted, 0 remain pending
[2018.12.27-02.01.49:073][  0]LogPakFile: Registered encryption key '00000000000000000000000000000000': 0 pak files mounted, 0 remain pending
[2018.12.27-02.01.49:075][  0]LogPakFile: Registered encryption key '00000000000000000000000000000000': 0 pak files mounted, 0 remain pending
[2018.12.27-02.01.49:076][  0]LogPakFile: Registered encryption key '00000000000000000000000000000000': 0 pak files mounted, 0 remain pending
[2018.12.27-02.01.49:078][  0]LogPakFile: Registered encryption key '00000000000000000000000000000000': 0 pak files mounted, 0 remain pending
[2018.12.27-02.01.49:079][  0]LogPakFile: Registered encryption key '00000000000000000000000000000000': 0 pak files mounted, 0 remain pending
[2018.12.27-02.01.49:081][  0]LogPakFile: Registered encryption key '00000000000000000000000000000000': 0 pak files mounted, 0 remain pending
[2018.12.27-02.01.49:082][  0]LogPakFile: Registered encryption key '00000000000000000000000000000000': 0 pak files mounted, 0 remain pending
[2018.12.27-02.01.49:083][  0]LogPakFile: Registered encryption key '00000000000000000000000000000000': 0 pak files mounted, 0 remain pending
[2018.12.27-02.01.49:085][  0]LogPakFile: Registered encryption key '00000000000000000000000000000000': 0 pak files mounted, 0 remain pending
[2018.12.27-02.01.49:087][  0]LogPakFile: Registered encryption key '00000000000000000000000000000000': 0 pak files mounted, 0 remain pending
[2018.12.27-02.01.49:088][  0]LogPakFile: Registered encryption key '00000000000000000000000000000000': 0 pak files mounted, 0 remain pending
[2018.12.27-02.01.49:090][  0]LogPakFile: Registered encryption key '00000000000000000000000000000000': 0 pak files mounted, 0 remain pending
[2018.12.27-02.01.49:092][  0]LogPakFile: Registered encryption key '00000000000000000000000000000000': 0 pak files mounted, 0 remain pending
[2018.12.27-02.01.49:094][  0]LogPakFile: Registered encryption key '00000000000000000000000000000000': 0 pak files mounted, 0 remain pending
[2018.12.27-02.01.49:095][  0]LogPakFile: Registered encryption key '00000000000000000000000000000000': 0 pak files mounted, 0 remain pending
[2018.12.27-02.01.49:097][  0]LogPakFile: Registered encryption key '00000000000000000000000000000000': 0 pak files mounted, 0 remain pending
[2018.12.27-02.01.49:197][  0]LogContentBrowser: Native class hierarchy updated for 'AddContentDialog' in 0.0003 seconds. Added 0 classes and 0 folders.
[2018.12.27-02.01.49:207][  0]LogContentBrowser: Native class hierarchy updated for 'SceneOutliner' in 0.0005 seconds. Added 1 classes and 2 folders.
[2018.12.27-02.01.51:194][  0]LogSlate: Only BGRA pngs, bmps or icos are supported in by External Image Picker
[2018.12.27-02.01.54:243][  0]LogTemp: Executing iPhonePackager certificates Engine -bundlename com.YourCompany.CityCrawlers
[2018.12.27-02.01.54:243][  0]LogTemp: CWD: C:\Program Files\Epic Games\UE_4.21\Engine\Binaries\DotNET\IOS
[2018.12.27-02.01.54:243][  0]LogTemp: Initial Dir: C:\Program Files\Epic Games\UE_4.21
[2018.12.27-02.01.54:243][  0]LogTemp: Env CWD: C:\Program Files\Epic Games\UE_4.21\Engine\Binaries\DotNET\IOS
[2018.12.27-02.01.54:243][  0]LogTemp: BranchPath = LAPTOP-FCVNU3VG/C/Program Files/Epic Games/UE_4.21/Engine/Binaries --- GameBranchPath = LAPTOP-FCVNU3VG/C/Program Files/Epic Games/UE_4.21/Engine/Binaries
[2018.12.27-02.01.54:243][  0]LogTemp: IPP ERROR: Could not find provision directory 'C:\Users\seanf\AppData\Local/Apple Computer/MobileDevice/Provisioning Profiles/'.
[2018.12.27-02.01.54:243][  0]LogSlate: Took 0.000381 seconds to synchronously load lazily loaded font '../../../Engine/Content/Slate/Fonts/Roboto-Regular.ttf' (155K)
[2018.12.27-02.01.54:248][  0]LogSlate: Took 0.000381 seconds to synchronously load lazily loaded font '../../../Engine/Content/Slate/Fonts/Roboto-Bold.ttf' (160K)
[2018.12.27-02.01.54:261][  0]LogSlate: Took 0.000395 seconds to synchronously load lazily loaded font '../../../Engine/Content/Editor/Slate/Fonts/FontAwesome.ttf' (139K)
[2018.12.27-02.01.54:446][  0]LogRenderer: Reallocating scene render targets to support 1292x664 Format 10 NumSamples 1 (Frame:1).
[2018.12.27-02.01.57:259][  0]LogContentBrowser: Native class hierarchy updated for 'HierarchicalLODOutliner' in 0.0004 seconds. Added 0 classes and 0 folders.
[2018.12.27-02.01.57:260][  0]LogLoad: (Engine Initialization) Total time: 26.97 seconds
[2018.12.27-02.01.57:260][  0]LogLoad: (Engine Initialization) Total Blueprint compile time: 0.00 seconds
[2018.12.27-02.01.57:282][  0]LogWindowsTextInputMethodSystem: Display: IME system now deactivated.
[2018.12.27-02.01.57:401][  0]LogContentStreaming: Texture pool size now 1000 MB
[2018.12.27-02.01.59:403][  6]LogAssetRegistry: Asset discovery search completed in 21.1814 seconds
[2018.12.27-02.01.59:407][  6]LogCollectionManager: Rebuilt the object cache for 0 collections in 0.000000 seconds (found 0 objects)
[2018.12.27-02.01.59:407][  6]LogCollectionManager: Fixed up redirectors for 0 collections in 0.000099 seconds (updated 0 objects)
[2018.12.27-02.01.59:459][  6]LogSlate: Took 0.000438 seconds to synchronously load lazily loaded font '../../../Engine/Content/Slate/Fonts/Roboto-Light.ttf' (167K)
[2018.12.27-02.02.16:893][386]LogSlate: FSceneViewport::OnFocusLost() reason 0
[2018.12.27-02.02.22:017][631]LogSlate: Took 0.000646 seconds to synchronously load lazily loaded font '../../../Engine/Content/Slate/Fonts/Roboto-Light.ttf' (167K)
[2018.12.27-02.02.23:958][693]LogSlate: Prevented a slow task dialog from being summoned while a context menu was open
[2018.12.27-02.02.24:540][722]LogAssetEditorManager: Opening Asset editor for Blueprint /Game/GameMode/GM_BaseGameMode.GM_BaseGameMode
[2018.12.27-02.02.25:279][722]LogContentBrowser: Native class hierarchy updated for 'BlueprintGraph' in 0.0009 seconds. Added 117 classes and 0 folders.
[2018.12.27-02.02.26:650][722]LogSlate: Took 0.000479 seconds to synchronously load lazily loaded font '../../../Engine/Content/Slate/Fonts/Roboto-BoldCondensed.ttf' (158K)
[2018.12.27-02.02.26:837][723]LogSlate: Took 0.000330 seconds to synchronously load lazily loaded font '../../../Engine/Content/Slate/Fonts/Roboto-Italic.ttf' (157K)
[2018.12.27-02.03.09:736][237]LogSlate: Took 0.000340 seconds to synchronously load lazily loaded font '../../../Engine/Content/Slate/Fonts/Roboto-BoldCondensedItalic.ttf' (160K)
[2018.12.27-02.03.20:891][902]BlueprintLog: New page: Compile GM_BaseGameMode
[2018.12.27-02.03.21:706][916]LogSavePackage: Moving '../../../../../../Users/seanf/Documents/Unreal Projects/city-crawlers-game/CityCrawlers/Saved/GM_BaseGameMode8F1092424C3F3AEF275A86BE69058F39.tmp' to '../../../../../../Users/seanf/Documents/Unreal Projects/city-crawlers-game/CityCrawlers/Content/GameMode/GM_BaseGameMode.uasset'
[2018.12.27-02.03.54:594][595]LogAssetEditorManager: Opening Asset editor for WidgetBlueprint /Game/UI/General/WidgetBP_LoadingScreen.WidgetBP_LoadingScreen
[2018.12.27-02.03.58:816][730]LogSavePackage: Moving '../../../../../../Users/seanf/Documents/Unreal Projects/city-crawlers-game/CityCrawlers/Saved/WidgetBP_LoadingScreen6F8F83DF4FBC385BADE058850EB2A5D0.tmp' to '../../../../../../Users/seanf/Documents/Unreal Projects/city-crawlers-game/CityCrawlers/Content/UI/General/WidgetBP_LoadingScreen.uasset'
[2018.12.27-02.03.59:974][799]BlueprintLog: New page: Compile WidgetBP_LoadingScreen
[2018.12.27-02.05.44:099][854]BlueprintLog: New page: Compile GM_BaseGameMode
[2018.12.27-02.05.44:159][854]LogClass: Warning: Type mismatch in LoadingScreenUI of GM_BaseGameMode_C - Previous (BoolProperty) Current(ObjectProperty) for package:  FObjectReader
[2018.12.27-02.05.45:417][898]LogSavePackage: Moving '../../../../../../Users/seanf/Documents/Unreal Projects/city-crawlers-game/CityCrawlers/Saved/GM_BaseGameMode75C969B24EF7DE867C3ADF9D43F680C5.tmp' to '../../../../../../Users/seanf/Documents/Unreal Projects/city-crawlers-game/CityCrawlers/Content/GameMode/GM_BaseGameMode.uasset'
[2018.12.28-01.30.56:917][337]LogFileHelpers: Editor autosave (incl. sublevels) for '/Game/ThirdPersonBP/Maps/ThirdPersonExampleMap' took 0.323
[2018.12.28-01.30.57:139][337]OBJ SavePackage: Generating thumbnails for [0] asset(s) in package [/Game/GameMode/GM_BaseGameMode] ([1] browsable assets)...
[2018.12.28-01.30.57:141][337]OBJ SavePackage: Finished generating thumbnails for package [/Game/GameMode/GM_BaseGameMode]
[2018.12.28-01.30.57:551][337]LogSavePackage: Moving '../../../../../../Users/seanf/Documents/Unreal Projects/city-crawlers-game/CityCrawlers/Saved/GM_BaseGameMode_Auto1C24CCD474548BAA13AC3E3B381C18C18.tmp' to '../../../../../../Users/seanf/Documents/Unreal Projects/city-crawlers-game/CityCrawlers/Saved/Autosaves/Game/GameMode/GM_BaseGameMode_Auto1.uasset'
[2018.12.28-01.30.57:555][337]LogFileHelpers: Auto-saving content packages took 0.633
[2018.12.28-01.31.23:317][614]BlueprintLog: New page: Compile GM_BaseGameMode
[2018.12.28-01.31.24:046][615]LogSavePackage: Moving '../../../../../../Users/seanf/Documents/Unreal Projects/city-crawlers-game/CityCrawlers/Saved/GM_BaseGameMode0E38D7FF4D20C039A425C28BD571A380.tmp' to '../../../../../../Users/seanf/Documents/Unreal Projects/city-crawlers-game/CityCrawlers/Content/GameMode/GM_BaseGameMode.uasset'
[2018.12.28-01.33.32:069][461]BlueprintLog: New page: Compile GM_BaseGameMode
[2018.12.28-01.40.16:550][328]BlueprintLog: New page: Compile GM_BaseGameMode
[2018.12.28-01.41.25:799][875]BlueprintLog: New page: Compile GM_BaseGameMode
[2018.12.28-01.41.26:748][879]LogSavePackage: Moving '../../../../../../Users/seanf/Documents/Unreal Projects/city-crawlers-game/CityCrawlers/Saved/GM_BaseGameMode90C6DA5A48AFF1251CE77AABAEC572DC.tmp' to '../../../../../../Users/seanf/Documents/Unreal Projects/city-crawlers-game/CityCrawlers/Content/GameMode/GM_BaseGameMode.uasset'
[2018.12.28-01.41.58:992][529]BlueprintLog: New page: Compile GM_BaseGameMode
[2018.12.28-01.42.00:039][550]LogSavePackage: Moving '../../../../../../Users/seanf/Documents/Unreal Projects/city-crawlers-game/CityCrawlers/Saved/GM_BaseGameModeFF104A9F4442893664F7B89BFA8A2F17.tmp' to '../../../../../../Users/seanf/Documents/Unreal Projects/city-crawlers-game/CityCrawlers/Content/GameMode/GM_BaseGameMode.uasset'
[2018.12.28-01.43.08:272][ 41]LogFileHelpers: Editor autosave (incl. sublevels) for '/Game/ThirdPersonBP/Maps/ThirdPersonExampleMap' took 0.055
[2018.12.28-01.43.08:278][ 41]OBJ SavePackage: Generating thumbnails for [0] asset(s) in package [/Game/GameMode/GM_BaseGameMode] ([1] browsable assets)...
[2018.12.28-01.43.08:278][ 41]OBJ SavePackage: Finished generating thumbnails for package [/Game/GameMode/GM_BaseGameMode]
[2018.12.28-01.43.08:377][ 41]LogSavePackage: Moving '../../../../../../Users/seanf/Documents/Unreal Projects/city-crawlers-game/CityCrawlers/Saved/GM_BaseGameMode_Auto235D586BD4D773343ED6E4795AD07B092.tmp' to '../../../../../../Users/seanf/Documents/Unreal Projects/city-crawlers-game/CityCrawlers/Saved/Autosaves/Game/GameMode/GM_BaseGameMode_Auto2.uasset'
[2018.12.28-01.43.08:380][ 41]LogFileHelpers: Auto-saving content packages took 0.102
[2018.12.28-01.44.08:932][205]BlueprintLog: New page: Compile GM_BaseGameMode
[2018.12.28-01.44.10:177][229]LogSavePackage: Moving '../../../../../../Users/seanf/Documents/Unreal Projects/city-crawlers-game/CityCrawlers/Saved/GM_BaseGameMode6F5122024EC922E7BC9AA9B22635207C.tmp' to '../../../../../../Users/seanf/Documents/Unreal Projects/city-crawlers-game/CityCrawlers/Content/GameMode/GM_BaseGameMode.uasset'
[2018.12.28-01.45.00:414][839]BlueprintLog: New page: Compile GM_BaseGameMode
[2018.12.28-01.46.13:881][684]BlueprintLog: New page: Compile GM_BaseGameMode
[2018.12.28-01.46.15:524][739]LogSavePackage: Moving '../../../../../../Users/seanf/Documents/Unreal Projects/city-crawlers-game/CityCrawlers/Saved/GM_BaseGameMode3F6555AE472CB0332854CABD4A7D9A69.tmp' to '../../../../../../Users/seanf/Documents/Unreal Projects/city-crawlers-game/CityCrawlers/Content/GameMode/GM_BaseGameMode.uasset'
[2018.12.28-01.53.08:659][222]LogFileHelpers: Editor autosave (incl. sublevels) for '/Game/ThirdPersonBP/Maps/ThirdPersonExampleMap' took 0.052
[2018.12.28-01.53.08:661][222]OBJ SavePackage: Generating thumbnails for [0] asset(s) in package [/Game/GameMode/GM_BaseGameMode] ([1] browsable assets)...
[2018.12.28-01.53.08:661][222]OBJ SavePackage: Finished generating thumbnails for package [/Game/GameMode/GM_BaseGameMode]
[2018.12.28-01.53.08:758][222]LogSavePackage: Moving '../../../../../../Users/seanf/Documents/Unreal Projects/city-crawlers-game/CityCrawlers/Saved/GM_BaseGameMode_Auto308998EDE4AD980F38967EA8E78DA0DE8.tmp' to '../../../../../../Users/seanf/Documents/Unreal Projects/city-crawlers-game/CityCrawlers/Saved/Autosaves/Game/GameMode/GM_BaseGameMode_Auto3.uasset'
[2018.12.28-01.53.08:761][222]LogFileHelpers: Auto-saving content packages took 0.100
[2018.12.28-02.08.07:240][746]BlueprintLog: New page: Compile GM_BaseGameMode
[2018.12.28-03.07.10:632][404]LogFileHelpers: Editor autosave (incl. sublevels) for '/Game/ThirdPersonBP/Maps/ThirdPersonExampleMap' took 0.076
[2018.12.28-03.07.10:635][404]OBJ SavePackage: Generating thumbnails for [0] asset(s) in package [/Game/GameMode/GM_BaseGameMode] ([1] browsable assets)...
[2018.12.28-03.07.10:635][404]OBJ SavePackage: Finished generating thumbnails for package [/Game/GameMode/GM_BaseGameMode]
[2018.12.28-03.07.10:807][404]LogSavePackage: Moving '../../../../../../Users/seanf/Documents/Unreal Projects/city-crawlers-game/CityCrawlers/Saved/GM_BaseGameMode_Auto4A7C3D09543027903212080889FAB885C.tmp' to '../../../../../../Users/seanf/Documents/Unreal Projects/city-crawlers-game/CityCrawlers/Saved/Autosaves/Game/GameMode/GM_BaseGameMode_Auto4.uasset'
[2018.12.28-03.07.10:810][404]LogFileHelpers: Auto-saving content packages took 0.177
[2018.12.28-03.07.35:949][790]BlueprintLog: New page: Compile GM_BaseGameMode
[2018.12.28-03.07.36:664][794]LogSavePackage: Moving '../../../../../../Users/seanf/Documents/Unreal Projects/city-crawlers-game/CityCrawlers/Saved/GM_BaseGameMode029F1FCA4702EC5C9D6725A276D2517A.tmp' to '../../../../../../Users/seanf/Documents/Unreal Projects/city-crawlers-game/CityCrawlers/Content/GameMode/GM_BaseGameMode.uasset'
